Analysis & Synthesis report for Lab4
Fri Sep 23 02:35:41 2022
Quartus Prime Version 18.1.0 Build 625 09/12/2018 SJ Lite Edition


---------------------
; Table of Contents ;
---------------------
  1. Legal Notice
  2. Analysis & Synthesis Summary
  3. Analysis & Synthesis Settings
  4. Parallel Compilation
  5. Analysis & Synthesis Source Files Read
  6. Analysis & Synthesis Resource Usage Summary
  7. Analysis & Synthesis Resource Utilization by Entity
  8. State Machine - |Processor|control_unit:con_unit|curr_state
  9. Logic Cells Representing Combinational Loops
 10. Registers Removed During Synthesis
 11. General Register Statistics
 12. Multiplexer Restructuring Statistics (Restructuring Performed)
 13. Port Connectivity Checks: "register_unit:reg_unit|reg_8:reg_S"
 14. Port Connectivity Checks: "register_unit:reg_unit|reg_8:reg_B"
 15. Port Connectivity Checks: "register_unit:reg_unit|reg_8:reg_A"
 16. Port Connectivity Checks: "register_unit:reg_unit"
 17. Port Connectivity Checks: "multiplier_unit:mul_unit|full_adder_9bit:FA9_1"
 18. Port Connectivity Checks: "multiplier_unit:mul_unit|full_adder_9bit:FA9_0|full_adder_1bit:FA1_8"
 19. Port Connectivity Checks: "multiplier_unit:mul_unit|full_adder_9bit:FA9_0"
 20. Post-Synthesis Netlist Statistics for Top Partition
 21. Elapsed Time Per Partition
 22. Analysis & Synthesis Messages
 23. Analysis & Synthesis Suppressed Messages



----------------
; Legal Notice ;
----------------
Copyright (C) 2018  Intel Corporation. All rights reserved.
Your use of Intel Corporation's design tools, logic functions 
and other software and tools, and its AMPP partner logic 
functions, and any output files from any of the foregoing 
(including device programming or simulation files), and any 
associated documentation or information are expressly subject 
to the terms and conditions of the Intel Program License 
Subscription Agreement, the Intel Quartus Prime License Agreement,
the Intel FPGA IP License Agreement, or other applicable license
agreement, including, without limitation, that your use is for
the sole purpose of programming logic devices manufactured by
Intel and sold by Intel or its authorized distributors.  Please
refer to the applicable agreement for further details.



+----------------------------------------------------------------------------------+
; Analysis & Synthesis Summary                                                     ;
+------------------------------------+---------------------------------------------+
; Analysis & Synthesis Status        ; Successful - Fri Sep 23 02:35:41 2022       ;
; Quartus Prime Version              ; 18.1.0 Build 625 09/12/2018 SJ Lite Edition ;
; Revision Name                      ; Lab4                                        ;
; Top-level Entity Name              ; Processor                                   ;
; Family                             ; MAX 10                                      ;
; Total logic elements               ; 136                                         ;
;     Total combinational functions  ; 104                                         ;
;     Dedicated logic registers      ; 68                                          ;
; Total registers                    ; 68                                          ;
; Total pins                         ; 64                                          ;
; Total virtual pins                 ; 0                                           ;
; Total memory bits                  ; 0                                           ;
; Embedded Multiplier 9-bit elements ; 0                                           ;
; Total PLLs                         ; 0                                           ;
; UFM blocks                         ; 0                                           ;
; ADC blocks                         ; 0                                           ;
+------------------------------------+---------------------------------------------+


+------------------------------------------------------------------------------------------------------------+
; Analysis & Synthesis Settings                                                                              ;
+------------------------------------------------------------------+--------------------+--------------------+
; Option                                                           ; Setting            ; Default Value      ;
+------------------------------------------------------------------+--------------------+--------------------+
; Device                                                           ; 10M50DAF484C7G     ;                    ;
; Top-level entity name                                            ; Processor          ; Lab4               ;
; Family name                                                      ; MAX 10             ; Cyclone V          ;
; Use smart compilation                                            ; Off                ; Off                ;
; Enable parallel Assembler and Timing Analyzer during compilation ; On                 ; On                 ;
; Enable compact report table                                      ; Off                ; Off                ;
; Restructure Multiplexers                                         ; Auto               ; Auto               ;
; Create Debugging Nodes for IP Cores                              ; Off                ; Off                ;
; Preserve fewer node names                                        ; On                 ; On                 ;
; Intel FPGA IP Evaluation Mode                                    ; Enable             ; Enable             ;
; Verilog Version                                                  ; Verilog_2001       ; Verilog_2001       ;
; VHDL Version                                                     ; VHDL_1993          ; VHDL_1993          ;
; State Machine Processing                                         ; Auto               ; Auto               ;
; Safe State Machine                                               ; Off                ; Off                ;
; Extract Verilog State Machines                                   ; On                 ; On                 ;
; Extract VHDL State Machines                                      ; On                 ; On                 ;
; Ignore Verilog initial constructs                                ; Off                ; Off                ;
; Iteration limit for constant Verilog loops                       ; 5000               ; 5000               ;
; Iteration limit for non-constant Verilog loops                   ; 250                ; 250                ;
; Add Pass-Through Logic to Inferred RAMs                          ; On                 ; On                 ;
; Infer RAMs from Raw Logic                                        ; On                 ; On                 ;
; Parallel Synthesis                                               ; On                 ; On                 ;
; DSP Block Balancing                                              ; Auto               ; Auto               ;
; NOT Gate Push-Back                                               ; On                 ; On                 ;
; Power-Up Don't Care                                              ; On                 ; On                 ;
; Remove Redundant Logic Cells                                     ; Off                ; Off                ;
; Remove Duplicate Registers                                       ; On                 ; On                 ;
; Ignore CARRY Buffers                                             ; Off                ; Off                ;
; Ignore CASCADE Buffers                                           ; Off                ; Off                ;
; Ignore GLOBAL Buffers                                            ; Off                ; Off                ;
; Ignore ROW GLOBAL Buffers                                        ; Off                ; Off                ;
; Ignore LCELL Buffers                                             ; Off                ; Off                ;
; Ignore SOFT Buffers                                              ; On                 ; On                 ;
; Limit AHDL Integers to 32 Bits                                   ; Off                ; Off                ;
; Optimization Technique                                           ; Balanced           ; Balanced           ;
; Carry Chain Length                                               ; 70                 ; 70                 ;
; Auto Carry Chains                                                ; On                 ; On                 ;
; Auto Open-Drain Pins                                             ; On                 ; On                 ;
; Perform WYSIWYG Primitive Resynthesis                            ; Off                ; Off                ;
; Auto ROM Replacement                                             ; On                 ; On                 ;
; Auto RAM Replacement                                             ; On                 ; On                 ;
; Auto DSP Block Replacement                                       ; On                 ; On                 ;
; Auto Shift Register Replacement                                  ; Auto               ; Auto               ;
; Allow Shift Register Merging across Hierarchies                  ; Auto               ; Auto               ;
; Auto Clock Enable Replacement                                    ; On                 ; On                 ;
; Strict RAM Replacement                                           ; Off                ; Off                ;
; Allow Synchronous Control Signals                                ; On                 ; On                 ;
; Force Use of Synchronous Clear Signals                           ; Off                ; Off                ;
; Auto RAM Block Balancing                                         ; On                 ; On                 ;
; Auto RAM to Logic Cell Conversion                                ; Off                ; Off                ;
; Auto Resource Sharing                                            ; Off                ; Off                ;
; Allow Any RAM Size For Recognition                               ; Off                ; Off                ;
; Allow Any ROM Size For Recognition                               ; Off                ; Off                ;
; Allow Any Shift Register Size For Recognition                    ; Off                ; Off                ;
; Use LogicLock Constraints during Resource Balancing              ; On                 ; On                 ;
; Ignore translate_off and synthesis_off directives                ; Off                ; Off                ;
; Timing-Driven Synthesis                                          ; On                 ; On                 ;
; Report Parameter Settings                                        ; On                 ; On                 ;
; Report Source Assignments                                        ; On                 ; On                 ;
; Report Connectivity Checks                                       ; On                 ; On                 ;
; Ignore Maximum Fan-Out Assignments                               ; Off                ; Off                ;
; Synchronization Register Chain Length                            ; 2                  ; 2                  ;
; Power Optimization During Synthesis                              ; Normal compilation ; Normal compilation ;
; HDL message level                                                ; Level2             ; Level2             ;
; Suppress Register Optimization Related Messages                  ; Off                ; Off                ;
; Number of Removed Registers Reported in Synthesis Report         ; 5000               ; 5000               ;
; Number of Swept Nodes Reported in Synthesis Report               ; 5000               ; 5000               ;
; Number of Inverted Registers Reported in Synthesis Report        ; 100                ; 100                ;
; Clock MUX Protection                                             ; On                 ; On                 ;
; Auto Gated Clock Conversion                                      ; Off                ; Off                ;
; Block Design Naming                                              ; Auto               ; Auto               ;
; SDC constraint protection                                        ; Off                ; Off                ;
; Synthesis Effort                                                 ; Auto               ; Auto               ;
; Shift Register Replacement - Allow Asynchronous Clear Signal     ; On                 ; On                 ;
; Pre-Mapping Resynthesis Optimization                             ; Off                ; Off                ;
; Analysis & Synthesis Message Level                               ; Medium             ; Medium             ;
; Disable Register Merging Across Hierarchies                      ; Auto               ; Auto               ;
; Resource Aware Inference For Block RAM                           ; On                 ; On                 ;
+------------------------------------------------------------------+--------------------+--------------------+


+------------------------------------------+
; Parallel Compilation                     ;
+----------------------------+-------------+
; Processors                 ; Number      ;
+----------------------------+-------------+
; Number detected on machine ; 16          ;
; Maximum allowed            ; 16          ;
;                            ;             ;
; Average used               ; 1.00        ;
; Maximum used               ; 16          ;
;                            ;             ;
; Usage by Processor         ; % Time Used ;
;     Processor 1            ; 100.0%      ;
;     Processors 2-16        ;   0.0%      ;
+----------------------------+-------------+


+------------------------------------------------------------------------------------------------------------------------------------------------+
; Analysis & Synthesis Source Files Read                                                                                                         ;
+----------------------------------+-----------------+------------------------------+--------------------------------------------------+---------+
; File Name with User-Entered Path ; Used in Netlist ; File Type                    ; File Name with Absolute Path                     ; Library ;
+----------------------------------+-----------------+------------------------------+--------------------------------------------------+---------+
; SV files/Multiplier_unit.sv      ; yes             ; User SystemVerilog HDL File  ; D:/ECE385/lab4/files/SV files/Multiplier_unit.sv ;         ;
; SV files/Synchronizers.sv        ; yes             ; User SystemVerilog HDL File  ; D:/ECE385/lab4/files/SV files/Synchronizers.sv   ;         ;
; SV files/Register_unit.sv        ; yes             ; User SystemVerilog HDL File  ; D:/ECE385/lab4/files/SV files/Register_unit.sv   ;         ;
; SV files/Reg_8.sv                ; yes             ; User SystemVerilog HDL File  ; D:/ECE385/lab4/files/SV files/Reg_8.sv           ;         ;
; SV files/Processor.sv            ; yes             ; User SystemVerilog HDL File  ; D:/ECE385/lab4/files/SV files/Processor.sv       ;         ;
; SV files/HexDriver.sv            ; yes             ; User SystemVerilog HDL File  ; D:/ECE385/lab4/files/SV files/HexDriver.sv       ;         ;
; SV files/full_adder_9bit.sv      ; yes             ; User SystemVerilog HDL File  ; D:/ECE385/lab4/files/SV files/full_adder_9bit.sv ;         ;
; SV files/full_adder_1bit.sv      ; yes             ; User SystemVerilog HDL File  ; D:/ECE385/lab4/files/SV files/full_adder_1bit.sv ;         ;
; SV files/Control_unit.sv         ; yes             ; User SystemVerilog HDL File  ; D:/ECE385/lab4/files/SV files/Control_unit.sv    ;         ;
+----------------------------------+-----------------+------------------------------+--------------------------------------------------+---------+


+---------------------------------------------------------+
; Analysis & Synthesis Resource Usage Summary             ;
+---------------------------------------------+-----------+
; Resource                                    ; Usage     ;
+---------------------------------------------+-----------+
; Estimated Total logic elements              ; 136       ;
;                                             ;           ;
; Total combinational functions               ; 104       ;
; Logic element usage by number of LUT inputs ;           ;
;     -- 4 input functions                    ; 51        ;
;     -- 3 input functions                    ; 22        ;
;     -- <=2 input functions                  ; 31        ;
;                                             ;           ;
; Logic elements by mode                      ;           ;
;     -- normal mode                          ; 104       ;
;     -- arithmetic mode                      ; 0         ;
;                                             ;           ;
; Total registers                             ; 68        ;
;     -- Dedicated logic registers            ; 68        ;
;     -- I/O registers                        ; 0         ;
;                                             ;           ;
; I/O pins                                    ; 64        ;
;                                             ;           ;
; Embedded Multiplier 9-bit elements          ; 0         ;
;                                             ;           ;
; Maximum fan-out node                        ; Clk~input ;
; Maximum fan-out                             ; 68        ;
; Total fan-out                               ; 621       ;
; Average fan-out                             ; 2.07      ;
+---------------------------------------------+-----------+


+----------------------------------------------------------------------------------------------------------------------------------------------------------------------------------------------------------------------------------------------------------------------------------------------------------+
; Analysis & Synthesis Resource Utilization by Entity                                                                                                                                                                                                                                                      ;
+----------------------------------+---------------------+---------------------------+-------------+------------+--------------+---------+-----------+------+--------------+------------+---------------------------------------------------------------------------------+-----------------+--------------+
; Compilation Hierarchy Node       ; Combinational ALUTs ; Dedicated Logic Registers ; Memory Bits ; UFM Blocks ; DSP Elements ; DSP 9x9 ; DSP 18x18 ; Pins ; Virtual Pins ; ADC blocks ; Full Hierarchy Name                                                             ; Entity Name     ; Library Name ;
+----------------------------------+---------------------+---------------------------+-------------+------------+--------------+---------+-----------+------+--------------+------------+---------------------------------------------------------------------------------+-----------------+--------------+
; |Processor                       ; 104 (0)             ; 68 (0)                    ; 0           ; 0          ; 0            ; 0       ; 0         ; 64   ; 0            ; 0          ; |Processor                                                                      ; Processor       ; work         ;
;    |HexDriver:HexAL|             ; 7 (7)               ; 0 (0)                     ; 0           ; 0          ; 0            ; 0       ; 0         ; 0    ; 0            ; 0          ; |Processor|HexDriver:HexAL                                                      ; HexDriver       ; work         ;
;    |HexDriver:HexAU|             ; 7 (7)               ; 0 (0)                     ; 0           ; 0          ; 0            ; 0       ; 0         ; 0    ; 0            ; 0          ; |Processor|HexDriver:HexAU                                                      ; HexDriver       ; work         ;
;    |HexDriver:HexBL|             ; 7 (7)               ; 0 (0)                     ; 0           ; 0          ; 0            ; 0       ; 0         ; 0    ; 0            ; 0          ; |Processor|HexDriver:HexBL                                                      ; HexDriver       ; work         ;
;    |HexDriver:HexBU|             ; 7 (7)               ; 0 (0)                     ; 0           ; 0          ; 0            ; 0       ; 0         ; 0    ; 0            ; 0          ; |Processor|HexDriver:HexBU                                                      ; HexDriver       ; work         ;
;    |control_unit:con_unit|       ; 10 (10)             ; 10 (10)                   ; 0           ; 0          ; 0            ; 0       ; 0         ; 0    ; 0            ; 0          ; |Processor|control_unit:con_unit                                                ; control_unit    ; work         ;
;    |multiplier_unit:mul_unit|    ; 44 (16)             ; 24 (0)                    ; 0           ; 0          ; 0            ; 0       ; 0         ; 0    ; 0            ; 0          ; |Processor|multiplier_unit:mul_unit                                             ; multiplier_unit ; work         ;
;       |full_adder_9bit:FA9_0|    ; 13 (0)              ; 8 (8)                     ; 0           ; 0          ; 0            ; 0       ; 0         ; 0    ; 0            ; 0          ; |Processor|multiplier_unit:mul_unit|full_adder_9bit:FA9_0                       ; full_adder_9bit ; work         ;
;          |full_adder_1bit:FA1_1| ; 2 (2)               ; 0 (0)                     ; 0           ; 0          ; 0            ; 0       ; 0         ; 0    ; 0            ; 0          ; |Processor|multiplier_unit:mul_unit|full_adder_9bit:FA9_0|full_adder_1bit:FA1_1 ; full_adder_1bit ; work         ;
;          |full_adder_1bit:FA1_2| ; 2 (2)               ; 0 (0)                     ; 0           ; 0          ; 0            ; 0       ; 0         ; 0    ; 0            ; 0          ; |Processor|multiplier_unit:mul_unit|full_adder_9bit:FA9_0|full_adder_1bit:FA1_2 ; full_adder_1bit ; work         ;
;          |full_adder_1bit:FA1_3| ; 2 (2)               ; 0 (0)                     ; 0           ; 0          ; 0            ; 0       ; 0         ; 0    ; 0            ; 0          ; |Processor|multiplier_unit:mul_unit|full_adder_9bit:FA9_0|full_adder_1bit:FA1_3 ; full_adder_1bit ; work         ;
;          |full_adder_1bit:FA1_4| ; 2 (2)               ; 0 (0)                     ; 0           ; 0          ; 0            ; 0       ; 0         ; 0    ; 0            ; 0          ; |Processor|multiplier_unit:mul_unit|full_adder_9bit:FA9_0|full_adder_1bit:FA1_4 ; full_adder_1bit ; work         ;
;          |full_adder_1bit:FA1_5| ; 2 (2)               ; 0 (0)                     ; 0           ; 0          ; 0            ; 0       ; 0         ; 0    ; 0            ; 0          ; |Processor|multiplier_unit:mul_unit|full_adder_9bit:FA9_0|full_adder_1bit:FA1_5 ; full_adder_1bit ; work         ;
;          |full_adder_1bit:FA1_6| ; 1 (1)               ; 0 (0)                     ; 0           ; 0          ; 0            ; 0       ; 0         ; 0    ; 0            ; 0          ; |Processor|multiplier_unit:mul_unit|full_adder_9bit:FA9_0|full_adder_1bit:FA1_6 ; full_adder_1bit ; work         ;
;          |full_adder_1bit:FA1_7| ; 2 (2)               ; 0 (0)                     ; 0           ; 0          ; 0            ; 0       ; 0         ; 0    ; 0            ; 0          ; |Processor|multiplier_unit:mul_unit|full_adder_9bit:FA9_0|full_adder_1bit:FA1_7 ; full_adder_1bit ; work         ;
;       |full_adder_9bit:FA9_1|    ; 15 (0)              ; 16 (16)                   ; 0           ; 0          ; 0            ; 0       ; 0         ; 0    ; 0            ; 0          ; |Processor|multiplier_unit:mul_unit|full_adder_9bit:FA9_1                       ; full_adder_9bit ; work         ;
;          |full_adder_1bit:FA1_1| ; 2 (2)               ; 0 (0)                     ; 0           ; 0          ; 0            ; 0       ; 0         ; 0    ; 0            ; 0          ; |Processor|multiplier_unit:mul_unit|full_adder_9bit:FA9_1|full_adder_1bit:FA1_1 ; full_adder_1bit ; work         ;
;          |full_adder_1bit:FA1_2| ; 1 (1)               ; 0 (0)                     ; 0           ; 0          ; 0            ; 0       ; 0         ; 0    ; 0            ; 0          ; |Processor|multiplier_unit:mul_unit|full_adder_9bit:FA9_1|full_adder_1bit:FA1_2 ; full_adder_1bit ; work         ;
;          |full_adder_1bit:FA1_3| ; 5 (5)               ; 0 (0)                     ; 0           ; 0          ; 0            ; 0       ; 0         ; 0    ; 0            ; 0          ; |Processor|multiplier_unit:mul_unit|full_adder_9bit:FA9_1|full_adder_1bit:FA1_3 ; full_adder_1bit ; work         ;
;          |full_adder_1bit:FA1_4| ; 2 (2)               ; 0 (0)                     ; 0           ; 0          ; 0            ; 0       ; 0         ; 0    ; 0            ; 0          ; |Processor|multiplier_unit:mul_unit|full_adder_9bit:FA9_1|full_adder_1bit:FA1_4 ; full_adder_1bit ; work         ;
;          |full_adder_1bit:FA1_5| ; 2 (2)               ; 0 (0)                     ; 0           ; 0          ; 0            ; 0       ; 0         ; 0    ; 0            ; 0          ; |Processor|multiplier_unit:mul_unit|full_adder_9bit:FA9_1|full_adder_1bit:FA1_5 ; full_adder_1bit ; work         ;
;          |full_adder_1bit:FA1_6| ; 1 (1)               ; 0 (0)                     ; 0           ; 0          ; 0            ; 0       ; 0         ; 0    ; 0            ; 0          ; |Processor|multiplier_unit:mul_unit|full_adder_9bit:FA9_1|full_adder_1bit:FA1_6 ; full_adder_1bit ; work         ;
;          |full_adder_1bit:FA1_7| ; 2 (2)               ; 0 (0)                     ; 0           ; 0          ; 0            ; 0       ; 0         ; 0    ; 0            ; 0          ; |Processor|multiplier_unit:mul_unit|full_adder_9bit:FA9_1|full_adder_1bit:FA1_7 ; full_adder_1bit ; work         ;
;    |register_unit:reg_unit|      ; 20 (3)              ; 24 (0)                    ; 0           ; 0          ; 0            ; 0       ; 0         ; 0    ; 0            ; 0          ; |Processor|register_unit:reg_unit                                               ; register_unit   ; work         ;
;       |reg_8:reg_A|              ; 8 (8)               ; 8 (8)                     ; 0           ; 0          ; 0            ; 0       ; 0         ; 0    ; 0            ; 0          ; |Processor|register_unit:reg_unit|reg_8:reg_A                                   ; reg_8           ; work         ;
;       |reg_8:reg_B|              ; 9 (9)               ; 8 (8)                     ; 0           ; 0          ; 0            ; 0       ; 0         ; 0    ; 0            ; 0          ; |Processor|register_unit:reg_unit|reg_8:reg_B                                   ; reg_8           ; work         ;
;       |reg_8:reg_S|              ; 0 (0)               ; 8 (8)                     ; 0           ; 0          ; 0            ; 0       ; 0         ; 0    ; 0            ; 0          ; |Processor|register_unit:reg_unit|reg_8:reg_S                                   ; reg_8           ; work         ;
;    |sync:SW_sync[0]|             ; 0 (0)               ; 1 (1)                     ; 0           ; 0          ; 0            ; 0       ; 0         ; 0    ; 0            ; 0          ; |Processor|sync:SW_sync[0]                                                      ; sync            ; work         ;
;    |sync:SW_sync[1]|             ; 0 (0)               ; 1 (1)                     ; 0           ; 0          ; 0            ; 0       ; 0         ; 0    ; 0            ; 0          ; |Processor|sync:SW_sync[1]                                                      ; sync            ; work         ;
;    |sync:SW_sync[2]|             ; 0 (0)               ; 1 (1)                     ; 0           ; 0          ; 0            ; 0       ; 0         ; 0    ; 0            ; 0          ; |Processor|sync:SW_sync[2]                                                      ; sync            ; work         ;
;    |sync:SW_sync[3]|             ; 0 (0)               ; 1 (1)                     ; 0           ; 0          ; 0            ; 0       ; 0         ; 0    ; 0            ; 0          ; |Processor|sync:SW_sync[3]                                                      ; sync            ; work         ;
;    |sync:SW_sync[4]|             ; 0 (0)               ; 1 (1)                     ; 0           ; 0          ; 0            ; 0       ; 0         ; 0    ; 0            ; 0          ; |Processor|sync:SW_sync[4]                                                      ; sync            ; work         ;
;    |sync:SW_sync[5]|             ; 0 (0)               ; 1 (1)                     ; 0           ; 0          ; 0            ; 0       ; 0         ; 0    ; 0            ; 0          ; |Processor|sync:SW_sync[5]                                                      ; sync            ; work         ;
;    |sync:SW_sync[6]|             ; 0 (0)               ; 1 (1)                     ; 0           ; 0          ; 0            ; 0       ; 0         ; 0    ; 0            ; 0          ; |Processor|sync:SW_sync[6]                                                      ; sync            ; work         ;
;    |sync:SW_sync[7]|             ; 0 (0)               ; 1 (1)                     ; 0           ; 0          ; 0            ; 0       ; 0         ; 0    ; 0            ; 0          ; |Processor|sync:SW_sync[7]                                                      ; sync            ; work         ;
;    |sync:button_sync[0]|         ; 1 (1)               ; 1 (1)                     ; 0           ; 0          ; 0            ; 0       ; 0         ; 0    ; 0            ; 0          ; |Processor|sync:button_sync[0]                                                  ; sync            ; work         ;
;    |sync:button_sync[1]|         ; 1 (1)               ; 1 (1)                     ; 0           ; 0          ; 0            ; 0       ; 0         ; 0    ; 0            ; 0          ; |Processor|sync:button_sync[1]                                                  ; sync            ; work         ;
+----------------------------------+---------------------+---------------------------+-------------+------------+--------------+---------+-----------+------+--------------+------------+---------------------------------------------------------------------------------+-----------------+--------------+
Note: For table entries with two numbers listed, the numbers in parentheses indicate the number of resources of the given type used by the specific entity alone. The numbers listed outside of parentheses indicate the total resources of the given type used by the specific entity and all of its sub-entities in the hierarchy.


Encoding Type:  One-Hot
+--------------------------------------------------------------------------------------------------------------------------------------------------------------------+
; State Machine - |Processor|control_unit:con_unit|curr_state                                                                                                        ;
+--------------+--------------+--------------+--------------+--------------+--------------+--------------+--------------+--------------+--------------+--------------+
; Name         ; curr_state.J ; curr_state.I ; curr_state.H ; curr_state.G ; curr_state.F ; curr_state.E ; curr_state.D ; curr_state.C ; curr_state.B ; curr_state.A ;
+--------------+--------------+--------------+--------------+--------------+--------------+--------------+--------------+--------------+--------------+--------------+
; curr_state.A ; 0            ; 0            ; 0            ; 0            ; 0            ; 0            ; 0            ; 0            ; 0            ; 0            ;
; curr_state.B ; 0            ; 0            ; 0            ; 0            ; 0            ; 0            ; 0            ; 0            ; 1            ; 1            ;
; curr_state.C ; 0            ; 0            ; 0            ; 0            ; 0            ; 0            ; 0            ; 1            ; 0            ; 1            ;
; curr_state.D ; 0            ; 0            ; 0            ; 0            ; 0            ; 0            ; 1            ; 0            ; 0            ; 1            ;
; curr_state.E ; 0            ; 0            ; 0            ; 0            ; 0            ; 1            ; 0            ; 0            ; 0            ; 1            ;
; curr_state.F ; 0            ; 0            ; 0            ; 0            ; 1            ; 0            ; 0            ; 0            ; 0            ; 1            ;
; curr_state.G ; 0            ; 0            ; 0            ; 1            ; 0            ; 0            ; 0            ; 0            ; 0            ; 1            ;
; curr_state.H ; 0            ; 0            ; 1            ; 0            ; 0            ; 0            ; 0            ; 0            ; 0            ; 1            ;
; curr_state.I ; 0            ; 1            ; 0            ; 0            ; 0            ; 0            ; 0            ; 0            ; 0            ; 1            ;
; curr_state.J ; 1            ; 0            ; 0            ; 0            ; 0            ; 0            ; 0            ; 0            ; 0            ; 1            ;
+--------------+--------------+--------------+--------------+--------------+--------------+--------------+--------------+--------------+--------------+--------------+


+------------------------------------------------------------+
; Logic Cells Representing Combinational Loops               ;
+--------------------------------------------------------+---+
; Logic Cell Name                                        ;   ;
+--------------------------------------------------------+---+
; register_unit:reg_unit|X~0                             ;   ;
; Number of logic cells representing combinational loops ; 1 ;
+--------------------------------------------------------+---+
Note: All cells listed above may not be present at the end of synthesis due to various synthesis optimizations.


+-----------------------------------------------------------------------------------------------------------------------------+
; Registers Removed During Synthesis                                                                                          ;
+---------------------------------------------------------+-------------------------------------------------------------------+
; Register name                                           ; Reason for Removal                                                ;
+---------------------------------------------------------+-------------------------------------------------------------------+
; multiplier_unit:mul_unit|full_adder_9bit:FA9_1|S_9[8]   ; Merged with multiplier_unit:mul_unit|full_adder_9bit:FA9_1|S_9[7] ;
; multiplier_unit:mul_unit|full_adder_9bit:FA9_0|A_9[0]   ; Merged with multiplier_unit:mul_unit|full_adder_9bit:FA9_1|A_9[0] ;
; multiplier_unit:mul_unit|full_adder_9bit:FA9_0|A_9[1]   ; Merged with multiplier_unit:mul_unit|full_adder_9bit:FA9_1|A_9[1] ;
; multiplier_unit:mul_unit|full_adder_9bit:FA9_0|A_9[2]   ; Merged with multiplier_unit:mul_unit|full_adder_9bit:FA9_1|A_9[2] ;
; multiplier_unit:mul_unit|full_adder_9bit:FA9_0|A_9[3]   ; Merged with multiplier_unit:mul_unit|full_adder_9bit:FA9_1|A_9[3] ;
; multiplier_unit:mul_unit|full_adder_9bit:FA9_0|A_9[4]   ; Merged with multiplier_unit:mul_unit|full_adder_9bit:FA9_1|A_9[4] ;
; multiplier_unit:mul_unit|full_adder_9bit:FA9_0|A_9[5]   ; Merged with multiplier_unit:mul_unit|full_adder_9bit:FA9_1|A_9[5] ;
; multiplier_unit:mul_unit|full_adder_9bit:FA9_0|A_9[6]   ; Merged with multiplier_unit:mul_unit|full_adder_9bit:FA9_1|A_9[6] ;
; multiplier_unit:mul_unit|full_adder_9bit:FA9_0|A_9[7,8] ; Merged with multiplier_unit:mul_unit|full_adder_9bit:FA9_1|A_9[7] ;
; multiplier_unit:mul_unit|full_adder_9bit:FA9_1|A_9[8]   ; Merged with multiplier_unit:mul_unit|full_adder_9bit:FA9_1|A_9[7] ;
; multiplier_unit:mul_unit|full_adder_9bit:FA9_0|S_9[8]   ; Merged with multiplier_unit:mul_unit|full_adder_9bit:FA9_0|S_9[7] ;
; control_unit:con_unit|curr_state~2                      ; Lost fanout                                                       ;
; control_unit:con_unit|curr_state~3                      ; Lost fanout                                                       ;
; control_unit:con_unit|curr_state~4                      ; Lost fanout                                                       ;
; control_unit:con_unit|curr_state~5                      ; Lost fanout                                                       ;
; Total Number of Removed Registers = 16                  ;                                                                   ;
+---------------------------------------------------------+-------------------------------------------------------------------+


+------------------------------------------------------+
; General Register Statistics                          ;
+----------------------------------------------+-------+
; Statistic                                    ; Value ;
+----------------------------------------------+-------+
; Total registers                              ; 68    ;
; Number of registers using Synchronous Clear  ; 7     ;
; Number of registers using Synchronous Load   ; 8     ;
; Number of registers using Asynchronous Clear ; 0     ;
; Number of registers using Asynchronous Load  ; 0     ;
; Number of registers using Clock Enable       ; 15    ;
; Number of registers using Preset             ; 0     ;
+----------------------------------------------+-------+


+-------------------------------------------------------------------------------------------------------------------------------------------------------------------------+
; Multiplexer Restructuring Statistics (Restructuring Performed)                                                                                                          ;
+--------------------+-----------+---------------+----------------------+------------------------+------------+-----------------------------------------------------------+
; Multiplexer Inputs ; Bus Width ; Baseline Area ; Area if Restructured ; Saving if Restructured ; Registered ; Example Multiplexer Output                                ;
+--------------------+-----------+---------------+----------------------+------------------------+------------+-----------------------------------------------------------+
; 3:1                ; 7 bits    ; 14 LEs        ; 7 LEs                ; 7 LEs                  ; Yes        ; |Processor|register_unit:reg_unit|reg_8:reg_B|Data_Out[0] ;
; 5:1                ; 7 bits    ; 21 LEs        ; 14 LEs               ; 7 LEs                  ; Yes        ; |Processor|register_unit:reg_unit|reg_8:reg_A|Data_Out[0] ;
+--------------------+-----------+---------------+----------------------+------------------------+------------+-----------------------------------------------------------+


+---------------------------------------------------------------------------------------------------------------------+
; Port Connectivity Checks: "register_unit:reg_unit|reg_8:reg_S"                                                      ;
+-----------+--------+----------+-------------------------------------------------------------------------------------+
; Port      ; Type   ; Severity ; Details                                                                             ;
+-----------+--------+----------+-------------------------------------------------------------------------------------+
; Reset     ; Input  ; Info     ; Stuck at GND                                                                        ;
; Shift_En  ; Input  ; Info     ; Stuck at GND                                                                        ;
; Shift_In  ; Input  ; Info     ; Stuck at GND                                                                        ;
; Shift_Out ; Output ; Info     ; Connected to dangling logic. Logic that only feeds a dangling port will be removed. ;
+-----------+--------+----------+-------------------------------------------------------------------------------------+


+----------------------------------------------------------------+
; Port Connectivity Checks: "register_unit:reg_unit|reg_8:reg_B" ;
+-------+-------+----------+-------------------------------------+
; Port  ; Type  ; Severity ; Details                             ;
+-------+-------+----------+-------------------------------------+
; Reset ; Input ; Info     ; Stuck at GND                        ;
+-------+-------+----------+-------------------------------------+


+----------------------------------------------------------------+
; Port Connectivity Checks: "register_unit:reg_unit|reg_8:reg_A" ;
+------+-------+----------+--------------------------------------+
; Port ; Type  ; Severity ; Details                              ;
+------+-------+----------+--------------------------------------+
; Load ; Input ; Info     ; Stuck at GND                         ;
+------+-------+----------+--------------------------------------+


+-----------------------------------------------------------------------------------------------------------------+
; Port Connectivity Checks: "register_unit:reg_unit"                                                              ;
+-------+--------+----------+-------------------------------------------------------------------------------------+
; Port  ; Type   ; Severity ; Details                                                                             ;
+-------+--------+----------+-------------------------------------------------------------------------------------+
; B_out ; Output ; Info     ; Connected to dangling logic. Logic that only feeds a dangling port will be removed. ;
+-------+--------+----------+-------------------------------------------------------------------------------------+


+----------------------------------------------------------------------------+
; Port Connectivity Checks: "multiplier_unit:mul_unit|full_adder_9bit:FA9_1" ;
+------+-------+----------+--------------------------------------------------+
; Port ; Type  ; Severity ; Details                                          ;
+------+-------+----------+--------------------------------------------------+
; cin  ; Input ; Info     ; Stuck at GND                                     ;
+------+-------+----------+--------------------------------------------------+


+----------------------------------------------------------------------------------------------------------------+
; Port Connectivity Checks: "multiplier_unit:mul_unit|full_adder_9bit:FA9_0|full_adder_1bit:FA1_8"               ;
+------+--------+----------+-------------------------------------------------------------------------------------+
; Port ; Type   ; Severity ; Details                                                                             ;
+------+--------+----------+-------------------------------------------------------------------------------------+
; cout ; Output ; Info     ; Connected to dangling logic. Logic that only feeds a dangling port will be removed. ;
+------+--------+----------+-------------------------------------------------------------------------------------+


+----------------------------------------------------------------------------+
; Port Connectivity Checks: "multiplier_unit:mul_unit|full_adder_9bit:FA9_0" ;
+------+-------+----------+--------------------------------------------------+
; Port ; Type  ; Severity ; Details                                          ;
+------+-------+----------+--------------------------------------------------+
; cin  ; Input ; Info     ; Stuck at VCC                                     ;
+------+-------+----------+--------------------------------------------------+


+-----------------------------------------------------+
; Post-Synthesis Netlist Statistics for Top Partition ;
+-----------------------+-----------------------------+
; Type                  ; Count                       ;
+-----------------------+-----------------------------+
; boundary_port         ; 64                          ;
; cycloneiii_ff         ; 68                          ;
;     ENA               ; 15                          ;
;     SCLR SLD          ; 7                           ;
;     SLD               ; 1                           ;
;     plain             ; 45                          ;
; cycloneiii_lcell_comb ; 108                         ;
;     normal            ; 108                         ;
;         1 data inputs ; 6                           ;
;         2 data inputs ; 29                          ;
;         3 data inputs ; 22                          ;
;         4 data inputs ; 51                          ;
;                       ;                             ;
; Max LUT depth         ; 8.00                        ;
; Average LUT depth     ; 2.82                        ;
+-----------------------+-----------------------------+


+-------------------------------+
; Elapsed Time Per Partition    ;
+----------------+--------------+
; Partition Name ; Elapsed Time ;
+----------------+--------------+
; Top            ; 00:00:00     ;
+----------------+--------------+


+-------------------------------+
; Analysis & Synthesis Messages ;
+-------------------------------+
Info: *******************************************************************
Info: Running Quartus Prime Analysis & Synthesis
    Info: Version 18.1.0 Build 625 09/12/2018 SJ Lite Edition
    Info: Processing started: Fri Sep 23 02:35:33 2022
Info: Command: quartus_map --read_settings_files=on --write_settings_files=off Lab4 -c Lab4
Warning (18236): Number of processors has not been specified which may cause overloading on shared machines.  Set the global assignment NUM_PARALLEL_PROCESSORS in your QSF to an appropriate value for best performance.
Info (20030): Parallel compilation is enabled and will use 16 of the 16 processors detected
Info (12021): Found 1 design units, including 1 entities, in source file sv files/multiplier_unit.sv
    Info (12023): Found entity 1: multiplier_unit File: D:/ECE385/lab4/files/SV files/Multiplier_unit.sv Line: 1
Info (12021): Found 1 design units, including 1 entities, in source file sv files/testbench_lab4.sv
    Info (12023): Found entity 1: testbench_lab4 File: D:/ECE385/lab4/files/SV files/testbench_lab4.sv Line: 1
Info (12021): Found 3 design units, including 3 entities, in source file sv files/synchronizers.sv
    Info (12023): Found entity 1: sync File: D:/ECE385/lab4/files/SV files/Synchronizers.sv Line: 4
    Info (12023): Found entity 2: sync_r0 File: D:/ECE385/lab4/files/SV files/Synchronizers.sv Line: 21
    Info (12023): Found entity 3: sync_r1 File: D:/ECE385/lab4/files/SV files/Synchronizers.sv Line: 46
Info (12021): Found 1 design units, including 1 entities, in source file sv files/register_unit.sv
    Info (12023): Found entity 1: register_unit File: D:/ECE385/lab4/files/SV files/Register_unit.sv Line: 1
Info (12021): Found 1 design units, including 1 entities, in source file sv files/reg_8.sv
    Info (12023): Found entity 1: reg_8 File: D:/ECE385/lab4/files/SV files/Reg_8.sv Line: 1
Info (12021): Found 1 design units, including 1 entities, in source file sv files/processor.sv
    Info (12023): Found entity 1: Processor File: D:/ECE385/lab4/files/SV files/Processor.sv Line: 3
Info (12021): Found 1 design units, including 1 entities, in source file sv files/hexdriver.sv
    Info (12023): Found entity 1: HexDriver File: D:/ECE385/lab4/files/SV files/HexDriver.sv Line: 1
Info (12021): Found 1 design units, including 1 entities, in source file sv files/full_adder_9bit.sv
    Info (12023): Found entity 1: full_adder_9bit File: D:/ECE385/lab4/files/SV files/full_adder_9bit.sv Line: 1
Info (12021): Found 1 design units, including 1 entities, in source file sv files/full_adder_1bit.sv
    Info (12023): Found entity 1: full_adder_1bit File: D:/ECE385/lab4/files/SV files/full_adder_1bit.sv Line: 1
Info (12021): Found 1 design units, including 1 entities, in source file sv files/control_unit.sv
    Info (12023): Found entity 1: control_unit File: D:/ECE385/lab4/files/SV files/Control_unit.sv Line: 1
Info (12127): Elaborating entity "Processor" for the top level hierarchy
Info (12128): Elaborating entity "multiplier_unit" for hierarchy "multiplier_unit:mul_unit" File: D:/ECE385/lab4/files/SV files/Processor.sv Line: 50
Info (12128): Elaborating entity "full_adder_9bit" for hierarchy "multiplier_unit:mul_unit|full_adder_9bit:FA9_0" File: D:/ECE385/lab4/files/SV files/Multiplier_unit.sv Line: 16
Info (12128): Elaborating entity "full_adder_1bit" for hierarchy "multiplier_unit:mul_unit|full_adder_9bit:FA9_0|full_adder_1bit:FA1_0" File: D:/ECE385/lab4/files/SV files/full_adder_9bit.sv Line: 21
Info (12128): Elaborating entity "register_unit" for hierarchy "register_unit:reg_unit" File: D:/ECE385/lab4/files/SV files/Processor.sv Line: 77
Info (12128): Elaborating entity "reg_8" for hierarchy "register_unit:reg_unit|reg_8:reg_A" File: D:/ECE385/lab4/files/SV files/Register_unit.sv Line: 25
Info (12128): Elaborating entity "control_unit" for hierarchy "control_unit:con_unit" File: D:/ECE385/lab4/files/SV files/Processor.sv Line: 90
Info (10264): Verilog HDL Case Statement information at Control_unit.sv(39): all case item expressions in this case statement are onehot File: D:/ECE385/lab4/files/SV files/Control_unit.sv Line: 39
Info (12128): Elaborating entity "HexDriver" for hierarchy "HexDriver:HexAL" File: D:/ECE385/lab4/files/SV files/Processor.sv Line: 95
Info (12128): Elaborating entity "sync" for hierarchy "sync:button_sync[0]" File: D:/ECE385/lab4/files/SV files/Processor.sv Line: 110
Info (286030): Timing-Driven Synthesis is running
Info (17049): 4 registers lost all their fanouts during netlist optimizations.
Warning (20013): Ignored 24 assignments for entity "adder2" -- entity does not exist in design
    Warning (20014): Assignment for entity set_instance_assignment -name PARTITION_HIERARCHY root_partition -to | -entity adder2 -section_id Top was ignored
    Warning (20014): Assignment for entity set_global_assignment -name PARTITION_NETLIST_TYPE SOURCE -entity adder2 -section_id Top was ignored
    Warning (20014): Assignment for entity set_global_assignment -name PARTITION_FITTER_PRESERVATION_LEVEL PLACEMENT_AND_ROUTING -entity adder2 -section_id Top was ignored
    Warning (20014): Assignment for entity set_global_assignment -name PARTITION_PRESERVE_HIGH_SPEED_TILES ON -entity adder2 -section_id Top was ignored
    Warning (20014): Assignment for entity set_global_assignment -name PARTITION_IGNORE_SOURCE_FILE_CHANGES OFF -entity adder2 -section_id Top was ignored
    Warning (20014): Assignment for entity set_global_assignment -name PARTITION_ALWAYS_USE_QXP_NETLIST OFF -entity adder2 -section_id Top was ignored
    Warning (20014): Assignment for entity set_global_assignment -name PARTITION_COLOR 16764057 -entity adder2 -section_id Top was ignored
    Warning (20014): Assignment for entity set_global_assignment -name PARTITION_IMPORT_ASSIGNMENTS ON -entity adder2 -section_id Top was ignored
    Warning (20014): Assignment for entity set_global_assignment -name PARTITION_IMPORT_EXISTING_ASSIGNMENTS REPLACE_CONFLICTING -entity adder2 -section_id Top was ignored
    Warning (20014): Assignment for entity set_global_assignment -name PARTITION_IMPORT_EXISTING_LOGICLOCK_REGIONS UPDATE_CONFLICTING -entity adder2 -section_id Top was ignored
    Warning (20014): Assignment for entity set_global_assignment -name PARTITION_IMPORT_PIN_ASSIGNMENTS ON -entity adder2 -section_id Top was ignored
    Warning (20014): Assignment for entity set_global_assignment -name PARTITION_IMPORT_PROMOTE_ASSIGNMENTS ON -entity adder2 -section_id Top was ignored
    Warning (20014): Assignment for entity set_global_assignment -name PARTITION_TYPE STANDARD_PARTITION -entity adder2 -section_id Top was ignored
    Warning (20014): Assignment for entity set_global_assignment -name ALLOW_MULTIPLE_PERSONAS OFF -entity adder2 -section_id Top was ignored
    Warning (20014): Assignment for entity set_global_assignment -name PARTITION_ASD_REGION_ID 1 -entity adder2 -section_id Top was ignored
    Warning (20014): Assignment for entity set_global_assignment -name CROSS_BOUNDARY_OPTIMIZATIONS OFF -entity adder2 -section_id Top was ignored
    Warning (20014): Assignment for entity set_global_assignment -name PROPAGATE_CONSTANTS_ON_INPUTS ON -entity adder2 -section_id Top was ignored
    Warning (20014): Assignment for entity set_global_assignment -name PROPAGATE_INVERSIONS_ON_INPUTS ON -entity adder2 -section_id Top was ignored
    Warning (20014): Assignment for entity set_global_assignment -name REMOVE_LOGIC_ON_UNCONNECTED_OUTPUTS ON -entity adder2 -section_id Top was ignored
    Warning (20014): Assignment for entity set_global_assignment -name MERGE_EQUIVALENT_INPUTS ON -entity adder2 -section_id Top was ignored
    Warning (20014): Assignment for entity set_global_assignment -name MERGE_EQUIVALENT_BIDIRS ON -entity adder2 -section_id Top was ignored
    Warning (20014): Assignment for entity set_global_assignment -name ABSORB_PATHS_FROM_OUTPUTS_TO_INPUTS ON -entity adder2 -section_id Top was ignored
    Warning (20014): Assignment for entity set_global_assignment -name PARTITION_EXTRACT_HARD_BLOCK_NODES ON -entity adder2 -section_id Top was ignored
    Warning (20014): Assignment for entity set_global_assignment -name PARTITION_ENABLE_STRICT_PRESERVATION OFF -entity adder2 -section_id Top was ignored
Info (144001): Generated suppressed messages file D:/ECE385/lab4/files/output_files/Lab4.map.smsg
Info (16010): Generating hard_block partition "hard_block:auto_generated_inst"
    Info (16011): Adding 0 node(s), including 0 DDIO, 0 PLL, 0 transceiver and 0 LCELL
Info (21057): Implemented 200 device resources after synthesis - the final resource count might be different
    Info (21058): Implemented 11 input pins
    Info (21059): Implemented 53 output pins
    Info (21061): Implemented 136 logic cells
Info: Quartus Prime Analysis & Synthesis was successful. 0 errors, 26 warnings
    Info: Peak virtual memory: 4837 megabytes
    Info: Processing ended: Fri Sep 23 02:35:41 2022
    Info: Elapsed time: 00:00:08
    Info: Total CPU time (on all processors): 00:00:18


+------------------------------------------+
; Analysis & Synthesis Suppressed Messages ;
+------------------------------------------+
The suppressed messages can be found in D:/ECE385/lab4/files/output_files/Lab4.map.smsg.


